<?xml version="1.0" encoding="UTF-8"?>
<!-- Generated by org.testng.reporters.JUnitXMLReporter -->
<testsuite hostname="LAPTOP-OL3GGV0J" ignored="0" name="Default test" tests="2" failures="0" timestamp="13 Feb 2019 13:39:42 GMT" time="114.204" errors="0">
  <testcase name="changePicTest" time="110.601" classname="com.pagefactory.testcases.ChangePicTest"/>
  <testcase name="changePicTest" time="0.002" classname="com.pagefactory.testcases.ChangePicTest">
    <skipped/>
  </testcase> <!-- changePicTest -->
</testsuite> <!-- Default test -->
