<?xml version="1.0" encoding="UTF-8"?>
<testsuite xmlns:xsi="http://www.w3.org/2001/XMLSchema-instance" xsi:noNamespaceSchemaLocation="https://maven.apache.org/surefire/maven-surefire-plugin/xsd/surefire-test-report.xsd" name="TestSuite" time="145.56" tests="6" errors="0" skipped="5" failures="0">
  <properties>
[...]
</properties>
  <testcase name="changePicTest" classname="com.pagefactory.testcases.ChangePicTest" time="0">
    <skipped message="Skipping test as Run Mode No"/>
    <system-out><![CDATA[f:\POM_Factory\reports\Mon_Feb_18_18_36_28_IST_2019\Report.html
Total no of Columns ---6
Total no Rows ---2
]]></system-out>
  </testcase>
  <testcase name="changePicTest" classname="com.pagefactory.testcases.ChangePicTest" time="0">
    <skipped message="Skipping test as Run Mode No"/>
  </testcase>
  <testcase name="doLogin" classname="com.pagefactory.testcases.LoginTest" time="0">
    <skipped message="Skipping test as Run mode is N"/>
    <system-out><![CDATA[Total no of Columns ---6
Total no Rows ---2
]]></system-out>
  </testcase>
  <testcase name="doLogin" classname="com.pagefactory.testcases.LoginTest" time="0">
    <skipped message="Skipping test as Run mode is N"/>
  </testcase>
  <testcase name="profileTest" classname="com.pagefactory.testcases.ProfileTest" time="133.21"/>
  <testcase name="profileTest" classname="com.pagefactory.testcases.ProfileTest" time="0">
    <skipped message="Skipping Test as Run mode is N"/>
  </testcase>
</testsuite>