<?xml version="1.0" encoding="UTF-8"?>
<!-- Generated by org.testng.reporters.JUnitXMLReporter -->
<testsuite hostname="LAPTOP-OL3GGV0J" ignored="0" name="Login Test" tests="2" failures="0" timestamp="18 Feb 2019 09:33:19 GMT" time="3.792" errors="0">
  <testcase name="doLogin" time="0.425" classname="com.pagefactory.testcases.LoginTest">
    <skipped/>
  </testcase> <!-- doLogin -->
  <testcase name="doLogin" time="0.018" classname="com.pagefactory.testcases.LoginTest">
    <skipped/>
  </testcase> <!-- doLogin -->
</testsuite> <!-- Login Test -->
