<?xml version="1.0" encoding="UTF-8"?>
<!-- Generated by org.testng.reporters.JUnitXMLReporter -->
<testsuite hostname="LAPTOP-OL3GGV0J" ignored="0" name="Surefire test" tests="6" failures="0" timestamp="18 Feb 2019 13:08:50 GMT" time="136.408" errors="0">
  <testcase name="changePicTest" time="0.065" classname="com.pagefactory.testcases.ChangePicTest">
    <skipped/>
  </testcase> <!-- changePicTest -->
  <testcase name="changePicTest" time="0.0" classname="com.pagefactory.testcases.ChangePicTest">
    <skipped/>
  </testcase> <!-- changePicTest -->
  <testcase name="doLogin" time="0.002" classname="com.pagefactory.testcases.LoginTest">
    <skipped/>
  </testcase> <!-- doLogin -->
  <testcase name="doLogin" time="0.004" classname="com.pagefactory.testcases.LoginTest">
    <skipped/>
  </testcase> <!-- doLogin -->
  <testcase name="profileTest" time="133.212" classname="com.pagefactory.testcases.ProfileTest"/>
  <testcase name="profileTest" time="0.001" classname="com.pagefactory.testcases.ProfileTest">
    <skipped/>
  </testcase> <!-- profileTest -->
</testsuite> <!-- Surefire test -->
